<?xml version="1.0" encoding="UTF-8"?>
<!-- Generated by org.testng.reporters.JUnitXMLReporter -->
<testsuite ignored="0" hostname="DESKTOP-8DVMVCJ" failures="0" tests="4" name="Default test" time="0.775" errors="0" timestamp="2020-10-21T11:59:15 IST">
  <testcase classname="New_package.Test_1" name="demo" time="0.078"/>
  <testcase classname="New_package.Test_1" name="stream" time="0.091"/>
  <testcase classname="New_package.Test_1" name="streamCollection" time="0.14"/>
  <testcase classname="New_package.Test_1" name="streamMap" time="0.082"/>
</testsuite> <!-- Default test -->
