<?xml version="1.0" encoding="UTF-8"?>
<!-- Generated by org.testng.reporters.JUnitXMLReporter -->
<testsuite ignored="0" hostname="DESKTOP-8DVMVCJ" failures="0" tests="5" name="Default test" time="0.305" errors="0" timestamp="2020-10-25T16:33:51 IST">
  <testcase classname="New_package.Test_1" name="demo" time="0.02"/>
  <testcase classname="New_package.Test_1" name="stream" time="0.035"/>
  <testcase classname="New_package.Test_1" name="stream10" time="0.021"/>
  <testcase classname="New_package.Test_1" name="streamCollection" time="0.017"/>
  <testcase classname="New_package.Test_1" name="streamMap" time="0.025"/>
</testsuite> <!-- Default test -->
