<?xml version="1.0" encoding="UTF-8"?>
<testng-results ignored="0" total="5" passed="5" failed="0" skipped="0">
  <reporter-output>
  </reporter-output>
  <suite started-at="2020-10-25T16:33:51 IST" name="Default suite" finished-at="2020-10-25T16:33:51 IST" duration-ms="305">
    <groups>
    </groups>
    <test started-at="2020-10-25T16:33:51 IST" name="Default test" finished-at="2020-10-25T16:33:51 IST" duration-ms="305">
      <class name="New_package.Test_1">
        <test-method signature="demo()[pri:0, instance:New_package.Test_1@424e1977]" started-at="2020-10-25T16:33:51 IST" name="demo" finished-at="2020-10-25T16:33:51 IST" duration-ms="20" status="PASS">
          <reporter-output>
          </reporter-output>
        </test-method> <!-- demo -->
        <test-method signature="stream()[pri:0, instance:New_package.Test_1@424e1977]" started-at="2020-10-25T16:33:51 IST" name="stream" finished-at="2020-10-25T16:33:51 IST" duration-ms="35" status="PASS">
          <reporter-output>
          </reporter-output>
        </test-method> <!-- stream -->
        <test-method signature="stream10()[pri:0, instance:New_package.Test_1@424e1977]" started-at="2020-10-25T16:33:51 IST" name="stream10" finished-at="2020-10-25T16:33:51 IST" duration-ms="21" status="PASS">
          <reporter-output>
          </reporter-output>
        </test-method> <!-- stream10 -->
        <test-method signature="streamCollection()[pri:0, instance:New_package.Test_1@424e1977]" started-at="2020-10-25T16:33:51 IST" name="streamCollection" finished-at="2020-10-25T16:33:51 IST" duration-ms="17" status="PASS">
          <reporter-output>
          </reporter-output>
        </test-method> <!-- streamCollection -->
        <test-method signature="streamMap()[pri:0, instance:New_package.Test_1@424e1977]" started-at="2020-10-25T16:33:51 IST" name="streamMap" finished-at="2020-10-25T16:33:51 IST" duration-ms="25" status="PASS">
          <reporter-output>
          </reporter-output>
        </test-method> <!-- streamMap -->
      </class> <!-- New_package.Test_1 -->
    </test> <!-- Default test -->
  </suite> <!-- Default suite -->
</testng-results>
