<?xml version="1.0" encoding="UTF-8"?>
<testng-results ignored="0" total="4" passed="4" failed="0" skipped="0">
  <reporter-output>
  </reporter-output>
  <suite started-at="2020-10-21T11:59:14 IST" name="Default suite" finished-at="2020-10-21T11:59:14 IST" duration-ms="808">
    <groups>
    </groups>
    <test started-at="2020-10-21T11:59:14 IST" name="Default test" finished-at="2020-10-21T11:59:14 IST" duration-ms="808">
      <class name="New_package.Test_1">
        <test-method signature="demo()[pri:0, instance:New_package.Test_1@31f9b85e]" started-at="2020-10-21T11:59:14 IST" name="demo" finished-at="2020-10-21T11:59:14 IST" duration-ms="70" status="PASS">
          <reporter-output>
          </reporter-output>
        </test-method> <!-- demo -->
        <test-method signature="stream()[pri:0, instance:New_package.Test_1@31f9b85e]" started-at="2020-10-21T11:59:14 IST" name="stream" finished-at="2020-10-21T11:59:14 IST" duration-ms="92" status="PASS">
          <reporter-output>
          </reporter-output>
        </test-method> <!-- stream -->
        <test-method signature="streamCollection()[pri:0, instance:New_package.Test_1@31f9b85e]" started-at="2020-10-21T11:59:14 IST" name="streamCollection" finished-at="2020-10-21T11:59:14 IST" duration-ms="141" status="PASS">
          <reporter-output>
          </reporter-output>
        </test-method> <!-- streamCollection -->
        <test-method signature="streamMap()[pri:0, instance:New_package.Test_1@31f9b85e]" started-at="2020-10-21T11:59:14 IST" name="streamMap" finished-at="2020-10-21T11:59:14 IST" duration-ms="75" status="PASS">
          <reporter-output>
          </reporter-output>
        </test-method> <!-- streamMap -->
      </class> <!-- New_package.Test_1 -->
    </test> <!-- Default test -->
  </suite> <!-- Default suite -->
</testng-results>

